# JRE version: OpenJDK Runtime Environment (8.0_242-b01) (build 1.8.0_242-release-1644-b01)
# Java VM: OpenJDK 64-Bit Server VM (25.242-b01 mixed mode windows-amd64 compressed oops)
Heap:
 PSYoungGen      total 74240K, used 19458K [0x000000076d900000, 0x0000000774980000, 0x00000007c0000000)
  eden space 64000K, 30% used [0x000000076d900000,0x000000076ec008e0,0x0000000771780000)
  from space 10240K, 0% used [0x0000000772180000,0x0000000772180000,0x0000000772b80000)
  to   space 10240K, 0% used [0x0000000771780000,0x0000000771780000,0x0000000772180000)
 ParOldGen       total 113664K, used 19898K [0x00000006c8a00000, 0x00000006cf900000, 0x000000076d900000)
  object space 113664K, 17% used [0x00000006c8a00000,0x00000006c9d6eb20,0x00000006cf900000)
 Metaspace       used 36305K, capacity 36858K, committed 37288K, reserved 1083392K
  class space    used 4606K, capacity 4751K, committed 4864K, reserved 1048576K
GC Heap History (10 events):
Event: 4.349 GC heap before
{Heap before GC invocations=2 (full 0):
 PSYoungGen      total 74240K, used 31366K [0x000000076d900000, 0x0000000772b80000, 0x00000007c0000000)
  eden space 64000K, 33% used [0x000000076d900000,0x000000076eda4438,0x0000000771780000)
  from space 10240K, 99% used [0x0000000771780000,0x000000077217d6e8,0x0000000772180000)
  to   space 10240K, 0% used [0x0000000772180000,0x0000000772180000,0x0000000772b80000)
 ParOldGen       total 169472K, used 4808K [0x00000006c8a00000, 0x00000006d2f80000, 0x000000076d900000)
  object space 169472K, 2% used [0x00000006c8a00000,0x00000006c8eb20e8,0x00000006d2f80000)
 Metaspace       used 20774K, capacity 21146K, committed 21296K, reserved 1069056K
  class space    used 2471K, capacity 2596K, committed 2688K, reserved 1048576K
Event: 4.375 GC heap after
Heap after GC invocations=2 (full 0):
 PSYoungGen      total 74240K, used 9673K [0x000000076d900000, 0x0000000772b80000, 0x00000007c0000000)
  eden space 64000K, 0% used [0x000000076d900000,0x000000076d900000,0x0000000771780000)
  from space 10240K, 94% used [0x0000000772180000,0x0000000772af2758,0x0000000772b80000)
  to   space 10240K, 0% used [0x0000000771780000,0x0000000771780000,0x0000000772180000)
 ParOldGen       total 169472K, used 4880K [0x00000006c8a00000, 0x00000006d2f80000, 0x000000076d900000)
  object space 169472K, 2% used [0x00000006c8a00000,0x00000006c8ec40f8,0x00000006d2f80000)
 Metaspace       used 20774K, capacity 21146K, committed 21296K, reserved 1069056K
  class space    used 2471K, capacity 2596K, committed 2688K, reserved 1048576K
}
Event: 4.375 GC heap before
{Heap before GC invocations=3 (full 1):
 PSYoungGen      total 74240K, used 9673K [0x000000076d900000, 0x0000000772b80000, 0x00000007c0000000)
  eden space 64000K, 0% used [0x000000076d900000,0x000000076d900000,0x0000000771780000)
  from space 10240K, 94% used [0x0000000772180000,0x0000000772af2758,0x0000000772b80000)
  to   space 10240K, 0% used [0x0000000771780000,0x0000000771780000,0x0000000772180000)
 ParOldGen       total 169472K, used 4880K [0x00000006c8a00000, 0x00000006d2f80000, 0x000000076d900000)
  object space 169472K, 2% used [0x00000006c8a00000,0x00000006c8ec40f8,0x00000006d2f80000)
 Metaspace       used 20774K, capacity 21146K, committed 21296K, reserved 1069056K
  class space    used 2471K, capacity 2596K, committed 2688K, reserved 1048576K
Event: 4.458 GC heap after
Heap after GC invocations=3 (full 1):
 PSYoungGen      total 74240K, used 0K [0x000000076d900000, 0x0000000772b80000, 0x00000007c0000000)
  eden space 64000K, 0% used [0x000000076d900000,0x000000076d900000,0x0000000771780000)
  from space 10240K, 0% used [0x0000000772180000,0x0000000772180000,0x0000000772b80000)
  to   space 10240K, 0% used [0x0000000771780000,0x0000000771780000,0x0000000772180000)
 ParOldGen       total 113664K, used 9416K [0x00000006c8a00000, 0x00000006cf900000, 0x000000076d900000)
  object space 113664K, 8% used [0x00000006c8a00000,0x00000006c9332020,0x00000006cf900000)
 Metaspace       used 20774K, capacity 21146K, committed 21296K, reserved 1069056K
  class space    used 2471K, capacity 2596K, committed 2688K, reserved 1048576K
}
Event: 8.624 GC heap before
{Heap before GC invocations=4 (full 1):
 PSYoungGen      total 74240K, used 64000K [0x000000076d900000, 0x0000000772b80000, 0x00000007c0000000)
  eden space 64000K, 100% used [0x000000076d900000,0x0000000771780000,0x0000000771780000)
  from space 10240K, 0% used [0x0000000772180000,0x0000000772180000,0x0000000772b80000)
  to   space 10240K, 0% used [0x0000000771780000,0x0000000771780000,0x0000000772180000)
 ParOldGen       total 113664K, used 9416K [0x00000006c8a00000, 0x00000006cf900000, 0x000000076d900000)
  object space 113664K, 8% used [0x00000006c8a00000,0x00000006c9332020,0x00000006cf900000)
 Metaspace       used 28978K, capacity 29421K, committed 29568K, reserved 1075200K
  class space    used 3518K, capacity 3659K, committed 3712K, reserved 1048576K
Event: 8.651 GC heap after
Heap after GC invocations=4 (full 1):
 PSYoungGen      total 74240K, used 10215K [0x000000076d900000, 0x0000000772b80000, 0x00000007c0000000)
  eden space 64000K, 0% used [0x000000076d900000,0x000000076d900000,0x0000000771780000)
  from space 10240K, 99% used [0x0000000771780000,0x0000000772179f20,0x0000000772180000)
  to   space 10240K, 0% used [0x0000000772180000,0x0000000772180000,0x0000000772b80000)
 ParOldGen       total 113664K, used 15270K [0x00000006c8a00000, 0x00000006cf900000, 0x000000076d900000)
  object space 113664K, 13% used [0x00000006c8a00000,0x00000006c98e9b10,0x00000006cf900000)
 Metaspace       used 28978K, capacity 29421K, committed 29568K, reserved 1075200K
  class space    used 3518K, capacity 3659K, committed 3712K, reserved 1048576K
}
Event: 10.824 GC heap before
{Heap before GC invocations=5 (full 1):
 PSYoungGen      total 74240K, used 38648K [0x000000076d900000, 0x0000000772b80000, 0x00000007c0000000)
  eden space 64000K, 44% used [0x000000076d900000,0x000000076f4c4178,0x0000000771780000)
  from space 10240K, 99% used [0x0000000771780000,0x0000000772179f20,0x0000000772180000)
  to   space 10240K, 0% used [0x0000000772180000,0x0000000772180000,0x0000000772b80000)
 ParOldGen       total 113664K, used 15270K [0x00000006c8a00000, 0x00000006cf900000, 0x000000076d900000)
  object space 113664K, 13% used [0x00000006c8a00000,0x00000006c98e9b10,0x00000006cf900000)
 Metaspace       used 34842K, capacity 35354K, committed 35496K, reserved 1081344K
  class space    used 4465K, capacity 4591K, committed 4608K, reserved 1048576K
Event: 10.884 GC heap after
Heap after GC invocations=5 (full 1):
 PSYoungGen      total 74240K, used 10225K [0x000000076d900000, 0x0000000774980000, 0x00000007c0000000)
  eden space 64000K, 0% used [0x000000076d900000,0x000000076d900000,0x0000000771780000)
  from space 10240K, 99% used [0x0000000772180000,0x0000000772b7c650,0x0000000772b80000)
  to   space 10240K, 0% used [0x0000000771780000,0x0000000771780000,0x0000000772180000)
 ParOldGen       total 113664K, used 19478K [0x00000006c8a00000, 0x00000006cf900000, 0x000000076d900000)
  object space 113664K, 17% used [0x00000006c8a00000,0x00000006c9d05880,0x00000006cf900000)
 Metaspace       used 34842K, capacity 35354K, committed 35496K, reserved 1081344K
  class space    used 4465K, capacity 4591K, committed 4608K, reserved 1048576K
}
Event: 10.884 GC heap before
{Heap before GC invocations=6 (full 2):
 PSYoungGen      total 74240K, used 10225K [0x000000076d900000, 0x0000000774980000, 0x00000007c0000000)
  eden space 64000K, 0% used [0x000000076d900000,0x000000076d900000,0x0000000771780000)
  from space 10240K, 99% used [0x0000000772180000,0x0000000772b7c650,0x0000000772b80000)
  to   space 10240K, 0% used [0x0000000771780000,0x0000000771780000,0x0000000772180000)
 ParOldGen       total 113664K, used 19478K [0x00000006c8a00000, 0x00000006cf900000, 0x000000076d900000)
  object space 113664K, 17% used [0x00000006c8a00000,0x00000006c9d05880,0x00000006cf900000)
 Metaspace       used 34842K, capacity 35354K, committed 35496K, reserved 1081344K
  class space    used 4465K, capacity 4591K, committed 4608K, reserved 1048576K
Event: 11.056 GC heap after
Heap after GC invocations=6 (full 2):
 PSYoungGen      total 74240K, used 0K [0x000000076d900000, 0x0000000774980000, 0x00000007c0000000)
  eden space 64000K, 0% used [0x000000076d900000,0x000000076d900000,0x0000000771780000)
  from space 10240K, 0% used [0x0000000772180000,0x0000000772180000,0x0000000772b80000)
  to   space 10240K, 0% used [0x0000000771780000,0x0000000771780000,0x0000000772180000)
 ParOldGen       total 113664K, used 19898K [0x00000006c8a00000, 0x00000006cf900000, 0x000000076d900000)
  object space 113664K, 17% used [0x00000006c8a00000,0x00000006c9d6eb20,0x00000006cf900000)
 Metaspace       used 34842K, capacity 35354K, committed 35496K, reserved 1081344K
  class space    used 4465K, capacity 4591K, committed 4608K, reserved 1048576K
}

